{"/Users/manuelahernandez/Desarrollo/DEV009-burger-queen-api-client/burger-queen/src/components/loginForm/loginForm.jsx": {"path":"/Users/manuelahernandez/Desarrollo/DEV009-burger-queen-api-client/burger-queen/src/components/loginForm/loginForm.jsx","statementMap":{"0":{"start":{"line":6,"column":24},"end":{"line":6,"column":null}},"1":{"start":{"line":1,"column":21},"end":{"line":1,"column":null}},"2":{"start":{"line":2,"column":7},"end":{"line":2,"column":null}},"3":{"start":{"line":3,"column":25},"end":{"line":3,"column":null}},"4":{"start":{"line":4,"column":28},"end":{"line":4,"column":null}},"5":{"start":{"line":7,"column":28},"end":{"line":7,"column":42}},"6":{"start":{"line":8,"column":34},"end":{"line":8,"column":48}},"7":{"start":{"line":9,"column":21},"end":{"line":9,"column":null}},"8":{"start":{"line":10,"column":28},"end":{"line":12,"column":null}},"9":{"start":{"line":11,"column":4},"end":{"line":11,"column":null}},"10":{"start":{"line":13,"column":31},"end":{"line":15,"column":null}},"11":{"start":{"line":14,"column":4},"end":{"line":14,"column":null}},"12":{"start":{"line":19,"column":2},"end":{"line":36,"column":null}},"13":{"start":{"line":21,"column":4},"end":{"line":21,"column":null}},"14":{"start":{"line":22,"column":4},"end":{"line":22,"column":null}},"15":{"start":{"line":23,"column":4},"end":{"line":23,"column":null}},"16":{"start":{"line":24,"column":4},"end":{"line":24,"column":null}},"17":{"start":{"line":25,"column":4},"end":{"line":30,"column":null}},"18":{"start":{"line":26,"column":21},"end":{"line":26,"column":null}},"19":{"start":{"line":27,"column":6},"end":{"line":27,"column":null}},"20":{"start":{"line":28,"column":20},"end":{"line":28,"column":null}},"21":{"start":{"line":29,"column":6},"end":{"line":29,"column":null}},"22":{"start":{"line":33,"column":20},"end":{"line":33,"column":null}},"23":{"start":{"line":34,"column":4},"end":{"line":34,"column":null}},"24":{"start":{"line":35,"column":4},"end":{"line":35,"column":null}}},"fnMap":{"0":{"name":"LoginForm","decl":{"start":{"line":6,"column":24},"end":{"line":6,"column":null}},"loc":{"start":{"line":6,"column":24},"end":{"line":53,"column":null}}},"1":{"name":"(anonymous_3)","decl":{"start":{"line":10,"column":28},"end":{"line":10,"column":29}},"loc":{"start":{"line":10,"column":29},"end":{"line":12,"column":null}}},"2":{"name":"(anonymous_4)","decl":{"start":{"line":13,"column":31},"end":{"line":13,"column":32}},"loc":{"start":{"line":13,"column":32},"end":{"line":15,"column":null}}},"3":{"name":"userLogin","decl":{"start":{"line":18,"column":10},"end":{"line":18,"column":null}},"loc":{"start":{"line":18,"column":10},"end":{"line":37,"column":null}}},"4":{"name":"(anonymous_6)","decl":{"start":{"line":20,"column":8},"end":{"line":20,"column":18}},"loc":{"start":{"line":20,"column":26},"end":{"line":31,"column":null}}},"5":{"name":"(anonymous_7)","decl":{"start":{"line":32,"column":9},"end":{"line":32,"column":19}},"loc":{"start":{"line":32,"column":24},"end":{"line":36,"column":null}}}},"branchMap":{"0":{"loc":{"start":{"line":25,"column":4},"end":{"line":30,"column":null}},"type":"switch","locations":[{"start":{"line":26,"column":6},"end":{"line":27,"column":null}},{"start":{"line":28,"column":6},"end":{"line":29,"column":null}}]}},"s":{"0":1,"1":1,"2":1,"3":1,"4":1,"5":1,"6":1,"7":1,"8":1,"9":0,"10":1,"11":0,"12":0,"13":0,"14":0,"15":0,"16":0,"17":0,"18":0,"19":0,"20":0,"21":0,"22":0,"23":0,"24":0},"f":{"0":1,"1":0,"2":0,"3":0,"4":0,"5":0},"b":{"0":[0,0]}}
,"/Users/manuelahernandez/Desarrollo/DEV009-burger-queen-api-client/burger-queen/src/components/loginForm/request.jsx": {"path":"/Users/manuelahernandez/Desarrollo/DEV009-burger-queen-api-client/burger-queen/src/components/loginForm/request.jsx","statementMap":{"0":{"start":{"line":4,"column":24},"end":{"line":4,"column":34}},"1":{"start":{"line":1,"column":18},"end":{"line":1,"column":null}},"2":{"start":{"line":2,"column":16},"end":{"line":2,"column":null}},"3":{"start":{"line":5,"column":3},"end":{"line":8,"column":null}}},"fnMap":{"0":{"name":"peticion","decl":{"start":{"line":4,"column":24},"end":{"line":4,"column":34}},"loc":{"start":{"line":4,"column":49},"end":{"line":15,"column":null}}}},"branchMap":{},"s":{"0":0,"1":1,"2":1,"3":0},"f":{"0":0},"b":{}}
,"/Users/manuelahernandez/Desarrollo/DEV009-burger-queen-api-client/burger-queen/src/routes/login/login.jsx": {"path":"/Users/manuelahernandez/Desarrollo/DEV009-burger-queen-api-client/burger-queen/src/routes/login/login.jsx","statementMap":{"0":{"start":{"line":3,"column":24},"end":{"line":3,"column":null}},"1":{"start":{"line":1,"column":22},"end":{"line":1,"column":null}},"2":{"start":{"line":2,"column":7},"end":{"line":2,"column":null}}},"fnMap":{"0":{"name":"Login","decl":{"start":{"line":3,"column":24},"end":{"line":3,"column":null}},"loc":{"start":{"line":3,"column":24},"end":{"line":12,"column":null}}}},"branchMap":{},"s":{"0":1,"1":1,"2":1},"f":{"0":1},"b":{}}
}
