TN:
SF:src/components/loginForm/loginForm.jsx
FN:6,LoginForm
FN:10,(anonymous_3)
FN:13,(anonymous_4)
FN:18,userLogin
FN:20,(anonymous_6)
FN:32,(anonymous_7)
FNF:6
FNH:1
FNDA:1,LoginForm
FNDA:0,(anonymous_3)
FNDA:0,(anonymous_4)
FNDA:0,userLogin
FNDA:0,(anonymous_6)
FNDA:0,(anonymous_7)
DA:1,1
DA:2,1
DA:3,1
DA:4,1
DA:6,1
DA:7,1
DA:8,1
DA:9,1
DA:10,1
DA:11,0
DA:13,1
DA:14,0
DA:19,0
DA:21,0
DA:22,0
DA:23,0
DA:24,0
DA:25,0
DA:26,0
DA:27,0
DA:28,0
DA:29,0
DA:33,0
DA:34,0
DA:35,0
LF:25
LH:10
BRDA:25,0,0,0
BRDA:25,0,1,0
BRF:2
BRH:0
end_of_record
TN:
SF:src/components/loginForm/request.jsx
FN:4,peticion
FNF:1
FNH:0
FNDA:0,peticion
DA:1,1
DA:2,1
DA:4,0
DA:5,0
LF:4
LH:2
BRF:0
BRH:0
end_of_record
TN:
SF:src/routes/login/login.jsx
FN:3,Login
FNF:1
FNH:1
FNDA:1,Login
DA:1,1
DA:2,1
DA:3,1
LF:3
LH:3
BRF:0
BRH:0
end_of_record
